#
# There is insufficient memory for the Java Runtime Environment to continue.
# Native memory allocation (mmap) failed to map 65536 bytes for Failed to commit metaspace.
# Possible reasons:
#   The system is out of physical RAM or swap space
#   The process is running with CompressedOops enabled, and the Java Heap may be blocking the growth of the native heap
# Possible solutions:
#   Reduce memory load on the system
#   Increase physical memory or swap space
#   Check if swap backing store is full
#   Decrease Java heap size (-Xmx/-Xms)
#   Decrease number of Java threads
#   Decrease Java thread stack sizes (-Xss)
#   Set larger code cache with -XX:ReservedCodeCacheSize=
#   JVM is running with Unscaled Compressed Oops mode in which the Java heap is
#     placed in the first 4GB address space. The Java Heap base address is the
#     maximum limit for the native heap growth. Please use -XX:HeapBaseMinAddress
#     to set the Java Heap base and to place the Java Heap above 4GB virtual address.
# This output file may be truncated or incomplete.
#
#  Out of Memory Error (virtualSpaceNode.cpp:110), pid=1524, tid=8004
#
# JRE version: OpenJDK Runtime Environment Temurin-17.0.5+8 (17.0.5+8) (build 17.0.5+8)
# Java VM: OpenJDK 64-Bit Server VM Temurin-17.0.5+8 (17.0.5+8, mixed mode, emulated-client, tiered, compressed oops, compressed class ptrs, g1 gc, windows-amd64)
# No core dump will be written. Minidumps are not enabled by default on client versions of Windows
#

---------------  S U M M A R Y ------------

Command Line: -Dsts.lsp.client=vscode -Dsts.log.file=/dev/null -XX:TieredStopAtLevel=1 -Xlog:jni+resolve=off -Dspring.config.location=file:c:\Users\Adrian\.vscode\extensions\pivotal.vscode-spring-boot-1.41.0\language-server\BOOT-INF\classes\application.properties org.springframework.ide.vscode.boot.app.BootLanguageServerBootApp

Host: AMD E-450 APU with Radeon(tm) HD Graphics, 2 cores, 3G,  Windows 7 , 64 bit Build 7601 (6.1.7601.17965)
Time: Thu Dec  8 18:42:10 2022 Argentina Standard Time elapsed time: 16.173408 seconds (0d 0h 0m 16s)

---------------  T H R E A D  ---------------

Current thread (0x00000000002ac4d0):  JavaThread "main" [_thread_in_vm, id=8004, stack(0x0000000002090000,0x0000000002190000)]

Stack: [0x0000000002090000,0x0000000002190000]
Native frames: (J=compiled Java code, j=interpreted, Vv=VM code, C=native code)
V  [jvm.dll+0x676b3a]
V  [jvm.dll+0x831444]
V  [jvm.dll+0x832bee]
V  [jvm.dll+0x833253]
V  [jvm.dll+0x244ce5]
V  [jvm.dll+0x82d4db]
V  [jvm.dll+0x61b2f6]
V  [jvm.dll+0x61b35a]
V  [jvm.dll+0x61db7a]
V  [jvm.dll+0x61bc96]
V  [jvm.dll+0x23937f]
V  [jvm.dll+0x625af5]
V  [jvm.dll+0x1e99bb]
V  [jvm.dll+0x1e9ef5]
V  [jvm.dll+0x1ea92f]
V  [jvm.dll+0x1dfdd1]
V  [jvm.dll+0x53be30]
V  [jvm.dll+0x1f05a7]
V  [jvm.dll+0x7ab9db]
V  [jvm.dll+0x7acd82]
V  [jvm.dll+0x7ad0b8]
V  [jvm.dll+0x23d0ee]
V  [jvm.dll+0x23d33f]
V  [jvm.dll+0x5593e3]
V  [jvm.dll+0x55b864]
V  [jvm.dll+0x38211b]
V  [jvm.dll+0x381bd2]
C  0x000000000538751b

Java frames: (J=compiled Java code, j=interpreted, Vv=VM code)
j  java.lang.invoke.MethodHandleImpl$ArrayAccess.objectAccessor(Ljava/lang/invoke/MethodHandleImpl$ArrayAccess;)Ljava/lang/invoke/MethodHandle;+0 java.base@17.0.5
j  java.lang.invoke.MethodHandleImpl.makeArrayElementAccessor(Ljava/lang/Class;Ljava/lang/invoke/MethodHandleImpl$ArrayAccess;)Ljava/lang/invoke/MethodHandle;+7 java.base@17.0.5
j  java.lang.invoke.MethodHandles.arrayElementGetter(Ljava/lang/Class;)Ljava/lang/invoke/MethodHandle;+4 java.base@17.0.5
j  java.lang.invoke.LambdaFormEditor.spreadArgumentsForm(ILjava/lang/Class;I)Ljava/lang/invoke/LambdaForm;+269 java.base@17.0.5
j  java.lang.invoke.MethodHandle.asSpreader(ILjava/lang/Class;I)Ljava/lang/invoke/MethodHandle;+34 java.base@17.0.5
j  java.lang.invoke.MethodHandle.asSpreader(Ljava/lang/Class;I)Ljava/lang/invoke/MethodHandle;+12 java.base@17.0.5
j  java.lang.invoke.MethodHandleImpl$BindCaller.prepareForInvoker(Ljava/lang/invoke/MethodHandle;)Ljava/lang/invoke/MethodHandle;+35 java.base@17.0.5
j  java.lang.invoke.MethodHandleImpl$BindCaller.bindCaller(Ljava/lang/invoke/MethodHandle;Ljava/lang/Class;)Ljava/lang/invoke/MethodHandle;+39 java.base@17.0.5
j  java.lang.invoke.MethodHandleImpl.bindCaller(Ljava/lang/invoke/MethodHandle;Ljava/lang/Class;)Ljava/lang/invoke/MethodHandle;+2 java.base@17.0.5
j  java.lang.invoke.MethodHandles$Lookup.maybeBindCaller(Ljava/lang/invoke/MemberName;Ljava/lang/invoke/MethodHandle;Ljava/lang/invoke/MethodHandles$Lookup;)Ljava/lang/invoke/MethodHandle;+64 java.base@17.0.5
j  java.lang.invoke.MethodHandles$Lookup.getDirectMethodCommon(BLjava/lang/Class;Ljava/lang/invoke/MemberName;ZZLjava/lang/invoke/MethodHandles$Lookup;)Ljava/lang/invoke/MethodHandle;+264 java.base@17.0.5
j  java.lang.invoke.MethodHandles$Lookup.getDirectMethodNoSecurityManager(BLjava/lang/Class;Ljava/lang/invoke/MemberName;Ljava/lang/invoke/MethodHandles$Lookup;)Ljava/lang/invoke/MethodHandle;+14 java.base@17.0.5
j  java.lang.invoke.MethodHandles$Lookup.getDirectMethodForConstant(BLjava/lang/Class;Ljava/lang/invoke/MemberName;)Ljava/lang/invoke/MethodHandle;+31 java.base@17.0.5
j  java.lang.invoke.MethodHandles$Lookup.linkMethodHandleConstant(BLjava/lang/Class;Ljava/lang/String;Ljava/lang/Object;)Ljava/lang/invoke/MethodHandle;+152 java.base@17.0.5
j  java.lang.invoke.MethodHandleNatives.linkMethodHandleConstant(Ljava/lang/Class;ILjava/lang/Class;Ljava/lang/String;Ljava/lang/Object;)Ljava/lang/invoke/MethodHandle;+38 java.base@17.0.5
v  ~StubRoutines::call_stub
j  org.springframework.boot.context.properties.bind.JavaBeanBinder$Bean.addProperties(Ljava/lang/Class;)V+15
j  org.springframework.boot.context.properties.bind.JavaBeanBinder$Bean.<init>(Lorg/springframework/core/ResolvableType;Ljava/lang/Class;)V+27
j  org.springframework.boot.context.properties.bind.JavaBeanBinder$Bean.get(Lorg/springframework/boot/context/properties/bind/Bindable;Z)Lorg/springframework/boot/context/properties/bind/JavaBeanBinder$Bean;+94
j  org.springframework.boot.context.properties.bind.JavaBeanBinder.bind(Lorg/springframework/boot/context/properties/source/ConfigurationPropertyName;Lorg/springframework/boot/context/properties/bind/Bindable;Lorg/springframework/boot/context/properties/bind/Binder$Context;Lorg/springframework/boot/context/properties/bind/DataObjectPropertyBinder;)Ljava/lang/Object;+26
j  org.springframework.boot.context.properties.bind.Binder.lambda$bindDataObject$5(Lorg/springframework/boot/context/properties/source/ConfigurationPropertyName;Lorg/springframework/boot/context/properties/bind/Bindable;Lorg/springframework/boot/context/properties/bind/Binder$Context;Lorg/springframework/boot/context/properties/bind/DataObjectPropertyBinder;)Ljava/lang/Object;+40
j  org.springframework.boot.context.properties.bind.Binder$$Lambda$106+0x000000000d5a1510.get()Ljava/lang/Object;+20
j  org.springframework.boot.context.properties.bind.Binder$Context.withIncreasedDepth(Ljava/util/function/Supplier;)Ljava/lang/Object;+5
j  org.springframework.boot.context.properties.bind.Binder$Context.withDataObject(Ljava/lang/Class;Ljava/util/function/Supplier;)Ljava/lang/Object;+12
j  org.springframework.boot.context.properties.bind.Binder$Context.access$300(Lorg/springframework/boot/context/properties/bind/Binder$Context;Ljava/lang/Class;Ljava/util/function/Supplier;)Ljava/lang/Object;+3
j  org.springframework.boot.context.properties.bind.Binder.bindDataObject(Lorg/springframework/boot/context/properties/source/ConfigurationPropertyName;Lorg/springframework/boot/context/properties/bind/Bindable;Lorg/springframework/boot/context/properties/bind/BindHandler;Lorg/springframework/boot/context/properties/bind/Binder$Context;Z)Ljava/lang/Object;+69
j  org.springframework.boot.context.properties.bind.Binder.bindObject(Lorg/springframework/boot/context/properties/source/ConfigurationPropertyName;Lorg/springframework/boot/context/properties/bind/Bindable;Lorg/springframework/boot/context/properties/bind/BindHandler;Lorg/springframework/boot/context/properties/bind/Binder$Context;Z)Ljava/lang/Object;+113
j  org.springframework.boot.context.properties.bind.Binder.bind(Lorg/springframework/boot/context/properties/source/ConfigurationPropertyName;Lorg/springframework/boot/context/properties/bind/Bindable;Lorg/springframework/boot/context/properties/bind/BindHandler;Lorg/springframework/boot/context/properties/bind/Binder$Context;ZZ)Ljava/lang/Object;+41
j  org.springframework.boot.context.properties.bind.Binder.bind(Lorg/springframework/boot/context/properties/source/ConfigurationPropertyName;Lorg/springframework/boot/context/properties/bind/Bindable;Lorg/springframework/boot/context/properties/bind/BindHandler;Z)Ljava/lang/Object;+44
j  org.springframework.boot.context.properties.bind.Binder.bind(Lorg/springframework/boot/context/properties/source/ConfigurationPropertyName;Lorg/springframework/boot/context/properties/bind/Bindable;Lorg/springframework/boot/context/properties/bind/BindHandler;)Lorg/springframework/boot/context/properties/bind/BindResult;+5
j  org.springframework.boot.context.properties.bind.Binder.bind(Ljava/lang/String;Lorg/springframework/boot/context/properties/bind/Bindable;)Lorg/springframework/boot/context/properties/bind/BindResult;+7
j  org.springframework.boot.SpringApplication.bindToSpringApplication(Lorg/springframework/core/env/ConfigurableEnvironment;)V+10
j  org.springframework.boot.SpringApplication.prepareEnvironment(Lorg/springframework/boot/SpringApplicationRunListeners;Lorg/springframework/boot/DefaultBootstrapContext;Lorg/springframework/boot/ApplicationArguments;)Lorg/springframework/core/env/ConfigurableEnvironment;+60
j  org.springframework.boot.SpringApplication.run([Ljava/lang/String;)Lorg/springframework/context/ConfigurableApplicationContext;+52
j  org.springframework.boot.SpringApplication.run([Ljava/lang/Class;[Ljava/lang/String;)Lorg/springframework/context/ConfigurableApplicationContext;+9
j  org.springframework.boot.SpringApplication.run(Ljava/lang/Class;[Ljava/lang/String;)Lorg/springframework/context/ConfigurableApplicationContext;+9
j  org.springframework.ide.vscode.boot.app.BootLanguageServerBootApp.main([Ljava/lang/String;)V+19
v  ~StubRoutines::call_stub

---------------  P R O C E S S  ---------------

Threads class SMR info:
_java_thread_list=0x00000000507b9fb0, length=13, elements={
0x00000000002ac4d0, 0x000000000d24d030, 0x000000000d24e850, 0x000000000d27d040,
0x000000000d27dbc0, 0x000000000d2805e0, 0x000000000d280ea0, 0x000000000d283810,
0x000000000d284110, 0x000000004e7f5960, 0x000000004e7f85d0, 0x000000004f94e370,
0x000000004f94f840
}

Java Threads: ( => current thread )
=>0x00000000002ac4d0 JavaThread "main" [_thread_in_vm, id=8004, stack(0x0000000002090000,0x0000000002190000)]
  0x000000000d24d030 JavaThread "Reference Handler" daemon [_thread_blocked, id=6268, stack(0x000000000ce20000,0x000000000cf20000)]
  0x000000000d24e850 JavaThread "Finalizer" daemon [_thread_blocked, id=3956, stack(0x000000004df10000,0x000000004e010000)]
  0x000000000d27d040 JavaThread "Signal Dispatcher" daemon [_thread_blocked, id=5692, stack(0x000000004ddb0000,0x000000004deb0000)]
  0x000000000d27dbc0 JavaThread "Attach Listener" daemon [_thread_blocked, id=6520, stack(0x000000004e090000,0x000000004e190000)]
  0x000000000d2805e0 JavaThread "Service Thread" daemon [_thread_blocked, id=5604, stack(0x000000004e190000,0x000000004e290000)]
  0x000000000d280ea0 JavaThread "Monitor Deflation Thread" daemon [_thread_blocked, id=7792, stack(0x000000004e440000,0x000000004e540000)]
  0x000000000d283810 JavaThread "C1 CompilerThread0" daemon [_thread_blocked, id=6372, stack(0x000000004e2f0000,0x000000004e3f0000)]
  0x000000000d284110 JavaThread "Sweeper thread" daemon [_thread_blocked, id=4052, stack(0x000000004e600000,0x000000004e700000)]
  0x000000004e7f5960 JavaThread "Notification Thread" daemon [_thread_blocked, id=1000, stack(0x000000004ec40000,0x000000004ed40000)]
  0x000000004e7f85d0 JavaThread "Common-Cleaner" daemon [_thread_blocked, id=8204, stack(0x000000004eef0000,0x000000004eff0000)]
  0x000000004f94e370 JavaThread "background-preinit" [_thread_in_vm, id=8560, stack(0x000000004f950000,0x000000004fa50000)]
  0x000000004f94f840 JavaThread "C1 CompilerThread1" daemon [_thread_blocked, id=8572, stack(0x000000004eb20000,0x000000004ec20000)]

Other Threads:
  0x000000000d237630 VMThread "VM Thread" [stack: 0x000000004dc30000,0x000000004dd30000] [id=8008]
  0x000000000d2e7720 WatcherThread [stack: 0x000000004eda0000,0x000000004eea0000] [id=7308]
  0x00000000002f1240 GCTaskThread "GC Thread#0" [stack: 0x000000000a770000,0x000000000a870000] [id=5536]
  0x000000004f23b7b0 GCTaskThread "GC Thread#1" [stack: 0x000000004fa60000,0x000000004fb60000] [id=8344]
  0x00000000002fc1d0 ConcurrentGCThread "G1 Main Marker" [stack: 0x000000000a9a0000,0x000000000aaa0000] [id=5560]
  0x00000000002fd6b0 ConcurrentGCThread "G1 Conc#0" [stack: 0x000000000aae0000,0x000000000abe0000] [id=7384]
  0x000000000032f6b0 ConcurrentGCThread "G1 Refine#0" [stack: 0x000000000cf30000,0x000000000d030000] [id=4256]
  0x000000000cd09080 ConcurrentGCThread "G1 Service" [stack: 0x000000000d090000,0x000000000d190000] [id=4888]

Threads with active compile tasks:

VM state: not at safepoint (normal execution)

VM Mutex/Monitor currently owned by a thread:  ([mutex/lock_event])
[0x0000000000289570] Metaspace_lock - owner thread: 0x00000000002ac4d0

Heap address: 0x00000000c6400000, size: 924 MB, Compressed Oops mode: 32-bit

CDS archive(s) not mapped
Compressed class space mapped at: 0x000000000d400000-0x000000004d400000, reserved size: 1073741824
Narrow klass base: 0x0000000000000000, Narrow klass shift: 0, Narrow klass range: 0x4d400000

GC Precious Log:
 CPUs: 2 total, 2 available
 Memory: 3692M
 Large Page Support: Disabled
 NUMA Support: Disabled
 Compressed Oops: Enabled (32-bit)
 Heap Region Size: 1M
 Heap Min Capacity: 8M
 Heap Initial Capacity: 58M
 Heap Max Capacity: 924M
 Pre-touch: Disabled
 Parallel Workers: 2
 Concurrent Workers: 1
 Concurrent Refinement Workers: 2
 Periodic GC: Disabled

Heap:
 garbage-first heap   total 59392K, used 28251K [0x00000000c6400000, 0x0000000100000000)
  region size 1024K, 22 young (22528K), 2 survivors (2048K)
 Metaspace       used 17013K, committed 17216K, reserved 1064960K
  class space    used 2087K, committed 2176K, reserved 1048576K

Heap Regions: E=young(eden), S=young(survivor), O=old, HS=humongous(starts), HC=humongous(continues), CS=collection set, F=free, OA=open archive, CA=closed archive, TAMS=top-at-mark-start (previous, next)
|   0|0x00000000c6400000, 0x00000000c6500000, 0x00000000c6500000|100%| O|  |TAMS 0x00000000c6400000, 0x00000000c6400000| Untracked 
|   1|0x00000000c6500000, 0x00000000c6600000, 0x00000000c6600000|100%| O|  |TAMS 0x00000000c6500000, 0x00000000c6500000| Untracked 
|   2|0x00000000c6600000, 0x00000000c6700000, 0x00000000c6700000|100%| O|  |TAMS 0x00000000c6600000, 0x00000000c6600000| Untracked 
|   3|0x00000000c6700000, 0x00000000c6800000, 0x00000000c6800000|100%| O|  |TAMS 0x00000000c6700000, 0x00000000c6700000| Untracked 
|   4|0x00000000c6800000, 0x00000000c6900000, 0x00000000c6900000|100%| O|  |TAMS 0x00000000c6800000, 0x00000000c6800000| Untracked 
|   5|0x00000000c6900000, 0x00000000c6a00000, 0x00000000c6a00000|100%| O|  |TAMS 0x00000000c6900000, 0x00000000c6900000| Untracked 
|   6|0x00000000c6a00000, 0x00000000c6a96e00, 0x00000000c6b00000| 58%| O|  |TAMS 0x00000000c6a00000, 0x00000000c6a00000| Untracked 
|   7|0x00000000c6b00000, 0x00000000c6b00000, 0x00000000c6c00000|  0%| F|  |TAMS 0x00000000c6b00000, 0x00000000c6b00000| Untracked 
|   8|0x00000000c6c00000, 0x00000000c6c00000, 0x00000000c6d00000|  0%| F|  |TAMS 0x00000000c6c00000, 0x00000000c6c00000| Untracked 
|   9|0x00000000c6d00000, 0x00000000c6d00000, 0x00000000c6e00000|  0%| F|  |TAMS 0x00000000c6d00000, 0x00000000c6d00000| Untracked 
|  10|0x00000000c6e00000, 0x00000000c6e00000, 0x00000000c6f00000|  0%| F|  |TAMS 0x00000000c6e00000, 0x00000000c6e00000| Untracked 
|  11|0x00000000c6f00000, 0x00000000c6f00000, 0x00000000c7000000|  0%| F|  |TAMS 0x00000000c6f00000, 0x00000000c6f00000| Untracked 
|  12|0x00000000c7000000, 0x00000000c7000000, 0x00000000c7100000|  0%| F|  |TAMS 0x00000000c7000000, 0x00000000c7000000| Untracked 
|  13|0x00000000c7100000, 0x00000000c7100000, 0x00000000c7200000|  0%| F|  |TAMS 0x00000000c7100000, 0x00000000c7100000| Untracked 
|  14|0x00000000c7200000, 0x00000000c7200000, 0x00000000c7300000|  0%| F|  |TAMS 0x00000000c7200000, 0x00000000c7200000| Untracked 
|  15|0x00000000c7300000, 0x00000000c7300000, 0x00000000c7400000|  0%| F|  |TAMS 0x00000000c7300000, 0x00000000c7300000| Untracked 
|  16|0x00000000c7400000, 0x00000000c7400000, 0x00000000c7500000|  0%| F|  |TAMS 0x00000000c7400000, 0x00000000c7400000| Untracked 
|  17|0x00000000c7500000, 0x00000000c7500000, 0x00000000c7600000|  0%| F|  |TAMS 0x00000000c7500000, 0x00000000c7500000| Untracked 
|  18|0x00000000c7600000, 0x00000000c7600000, 0x00000000c7700000|  0%| F|  |TAMS 0x00000000c7600000, 0x00000000c7600000| Untracked 
|  19|0x00000000c7700000, 0x00000000c7700000, 0x00000000c7800000|  0%| F|  |TAMS 0x00000000c7700000, 0x00000000c7700000| Untracked 
|  20|0x00000000c7800000, 0x00000000c7800000, 0x00000000c7900000|  0%| F|  |TAMS 0x00000000c7800000, 0x00000000c7800000| Untracked 
|  21|0x00000000c7900000, 0x00000000c7900000, 0x00000000c7a00000|  0%| F|  |TAMS 0x00000000c7900000, 0x00000000c7900000| Untracked 
|  22|0x00000000c7a00000, 0x00000000c7a00000, 0x00000000c7b00000|  0%| F|  |TAMS 0x00000000c7a00000, 0x00000000c7a00000| Untracked 
|  23|0x00000000c7b00000, 0x00000000c7b00000, 0x00000000c7c00000|  0%| F|  |TAMS 0x00000000c7b00000, 0x00000000c7b00000| Untracked 
|  24|0x00000000c7c00000, 0x00000000c7c00000, 0x00000000c7d00000|  0%| F|  |TAMS 0x00000000c7c00000, 0x00000000c7c00000| Untracked 
|  25|0x00000000c7d00000, 0x00000000c7d00000, 0x00000000c7e00000|  0%| F|  |TAMS 0x00000000c7d00000, 0x00000000c7d00000| Untracked 
|  26|0x00000000c7e00000, 0x00000000c7e00000, 0x00000000c7f00000|  0%| F|  |TAMS 0x00000000c7e00000, 0x00000000c7e00000| Untracked 
|  27|0x00000000c7f00000, 0x00000000c7f00000, 0x00000000c8000000|  0%| F|  |TAMS 0x00000000c7f00000, 0x00000000c7f00000| Untracked 
|  28|0x00000000c8000000, 0x00000000c8000000, 0x00000000c8100000|  0%| F|  |TAMS 0x00000000c8000000, 0x00000000c8000000| Untracked 
|  29|0x00000000c8100000, 0x00000000c8100000, 0x00000000c8200000|  0%| F|  |TAMS 0x00000000c8100000, 0x00000000c8100000| Untracked 
|  30|0x00000000c8200000, 0x00000000c8200000, 0x00000000c8300000|  0%| F|  |TAMS 0x00000000c8200000, 0x00000000c8200000| Untracked 
|  31|0x00000000c8300000, 0x00000000c8300000, 0x00000000c8400000|  0%| F|  |TAMS 0x00000000c8300000, 0x00000000c8300000| Untracked 
|  32|0x00000000c8400000, 0x00000000c8400000, 0x00000000c8500000|  0%| F|  |TAMS 0x00000000c8400000, 0x00000000c8400000| Untracked 
|  33|0x00000000c8500000, 0x00000000c8500000, 0x00000000c8600000|  0%| F|  |TAMS 0x00000000c8500000, 0x00000000c8500000| Untracked 
|  34|0x00000000c8600000, 0x00000000c8600000, 0x00000000c8700000|  0%| F|  |TAMS 0x00000000c8600000, 0x00000000c8600000| Untracked 
|  35|0x00000000c8700000, 0x00000000c8700000, 0x00000000c8800000|  0%| F|  |TAMS 0x00000000c8700000, 0x00000000c8700000| Untracked 
|  36|0x00000000c8800000, 0x00000000c886c478, 0x00000000c8900000| 42%| E|  |TAMS 0x00000000c8800000, 0x00000000c8800000| Complete 
|  37|0x00000000c8900000, 0x00000000c8a00000, 0x00000000c8a00000|100%| E|CS|TAMS 0x00000000c8900000, 0x00000000c8900000| Complete 
|  38|0x00000000c8a00000, 0x00000000c8b00000, 0x00000000c8b00000|100%| E|CS|TAMS 0x00000000c8a00000, 0x00000000c8a00000| Complete 
|  39|0x00000000c8b00000, 0x00000000c8c00000, 0x00000000c8c00000|100%| E|CS|TAMS 0x00000000c8b00000, 0x00000000c8b00000| Complete 
|  40|0x00000000c8c00000, 0x00000000c8d00000, 0x00000000c8d00000|100%| E|CS|TAMS 0x00000000c8c00000, 0x00000000c8c00000| Complete 
|  41|0x00000000c8d00000, 0x00000000c8e00000, 0x00000000c8e00000|100%| E|CS|TAMS 0x00000000c8d00000, 0x00000000c8d00000| Complete 
|  42|0x00000000c8e00000, 0x00000000c8f00000, 0x00000000c8f00000|100%| S|CS|TAMS 0x00000000c8e00000, 0x00000000c8e00000| Complete 
|  43|0x00000000c8f00000, 0x00000000c9000000, 0x00000000c9000000|100%| S|CS|TAMS 0x00000000c8f00000, 0x00000000c8f00000| Complete 
|  44|0x00000000c9000000, 0x00000000c9100000, 0x00000000c9100000|100%| E|CS|TAMS 0x00000000c9000000, 0x00000000c9000000| Complete 
|  45|0x00000000c9100000, 0x00000000c9200000, 0x00000000c9200000|100%| E|CS|TAMS 0x00000000c9100000, 0x00000000c9100000| Complete 
|  46|0x00000000c9200000, 0x00000000c9300000, 0x00000000c9300000|100%| E|CS|TAMS 0x00000000c9200000, 0x00000000c9200000| Complete 
|  47|0x00000000c9300000, 0x00000000c9400000, 0x00000000c9400000|100%| E|CS|TAMS 0x00000000c9300000, 0x00000000c9300000| Complete 
|  48|0x00000000c9400000, 0x00000000c9500000, 0x00000000c9500000|100%| E|CS|TAMS 0x00000000c9400000, 0x00000000c9400000| Complete 
|  49|0x00000000c9500000, 0x00000000c9600000, 0x00000000c9600000|100%| E|CS|TAMS 0x00000000c9500000, 0x00000000c9500000| Complete 
|  50|0x00000000c9600000, 0x00000000c9700000, 0x00000000c9700000|100%| E|CS|TAMS 0x00000000c9600000, 0x00000000c9600000| Complete 
|  51|0x00000000c9700000, 0x00000000c9800000, 0x00000000c9800000|100%| E|CS|TAMS 0x00000000c9700000, 0x00000000c9700000| Complete 
|  52|0x00000000c9800000, 0x00000000c9900000, 0x00000000c9900000|100%| E|CS|TAMS 0x00000000c9800000, 0x00000000c9800000| Complete 
|  53|0x00000000c9900000, 0x00000000c9a00000, 0x00000000c9a00000|100%| E|CS|TAMS 0x00000000c9900000, 0x00000000c9900000| Complete 
|  54|0x00000000c9a00000, 0x00000000c9b00000, 0x00000000c9b00000|100%| E|CS|TAMS 0x00000000c9a00000, 0x00000000c9a00000| Complete 
|  55|0x00000000c9b00000, 0x00000000c9c00000, 0x00000000c9c00000|100%| E|CS|TAMS 0x00000000c9b00000, 0x00000000c9b00000| Complete 
|  56|0x00000000c9c00000, 0x00000000c9d00000, 0x00000000c9d00000|100%| E|CS|TAMS 0x00000000c9c00000, 0x00000000c9c00000| Complete 
|  57|0x00000000c9d00000, 0x00000000c9e00000, 0x00000000c9e00000|100%| E|CS|TAMS 0x00000000c9d00000, 0x00000000c9d00000| Complete 

Card table byte_map: [0x0000000008650000,0x0000000008820000] _byte_map_base: 0x000000000801e000

Marking Bits (Prev, Next): (CMBitMap*) 0x00000000002f4760, (CMBitMap*) 0x00000000002f47a0
 Prev Bits: [0x00000000089f0000, 0x0000000009860000)
 Next Bits: [0x0000000009860000, 0x000000000a6d0000)

Polling page: 0x0000000001e90000

Metaspace:

Usage:
  Non-class:     14.58 MB used.
      Class:      2.04 MB used.
       Both:     16.61 MB used.

Virtual space:
  Non-class space:       16.00 MB reserved,      14.69 MB ( 92%) committed,  2 nodes.
      Class space:        1.00 GB reserved,       2.13 MB ( <1%) committed,  1 nodes.
             Both:        1.02 GB reserved,      16.81 MB (  2%) committed. 

Chunk freelists:
   Non-Class:  701.00 KB
       Class:  1.70 MB
        Both:  2.38 MB

MaxMetaspaceSize: unlimited
CompressedClassSpaceSize: 1.00 GB
Initial GC threshold: 21.00 MB
Current GC threshold: 21.00 MB
CDS: off
MetaspaceReclaimPolicy: balanced
 - commit_granule_bytes: 65536.
 - commit_granule_words: 8192.
 - virtual_space_node_default_size: 1048576.
 - enlarge_chunks_in_place: 1.
 - new_chunks_are_fully_committed: 0.
 - uncommit_free_chunks: 1.
 - use_allocation_guard: 0.
 - handle_deallocations: 1.


Internal statistics:

num_allocs_failed_limit: 0.
num_arena_births: 140.
num_arena_deaths: 0.
num_vsnodes_births: 3.
num_vsnodes_deaths: 0.
num_space_committed: 269.
num_space_uncommitted: 0.
num_chunks_returned_to_freelist: 0.
num_chunks_taken_from_freelist: 420.
num_chunk_merges: 0.
num_chunk_splits: 266.
num_chunks_enlarged: 201.
num_purges: 0.
num_inconsistent_stats: 0.

CodeCache: size=49152Kb used=4070Kb max_used=4070Kb free=45081Kb
 bounds [0x0000000005370000, 0x00000000057f0000, 0x0000000008370000]
 total_blobs=2063 nmethods=1618 adapters=373
 compilation: enabled
              stopped_count=0, restarted_count=0
 full_count=0

Compilation events (20 events):
Event: 15.134 Thread 0x000000000d283810 1608       1       java.util.Collections::singleton (9 bytes)
Event: 15.134 Thread 0x000000000d283810 nmethod 1608 0x00000000055d6510 code [0x00000000055d66a0, 0x00000000055d67d8]
Event: 15.134 Thread 0x000000000d283810 1609       1       java.util.Collections$SingletonSet::<init> (10 bytes)
Event: 15.135 Thread 0x000000000d283810 nmethod 1609 0x00000000055d6210 code [0x00000000055d63a0, 0x00000000055d64b8]
Event: 15.135 Thread 0x000000000d283810 1615       1       org.springframework.core.ResolvableType::equals (157 bytes)
Event: 15.137 Thread 0x000000000d283810 nmethod 1615 0x00000000055d5a10 code [0x00000000055d5c40, 0x00000000055d6058]
Event: 15.137 Thread 0x000000000d283810 1605       1       sun.reflect.generics.reflectiveObjects.ParameterizedTypeImpl::hashCode (24 bytes)
Event: 15.138 Thread 0x000000000d283810 nmethod 1605 0x00000000055d5610 code [0x00000000055d57c0, 0x00000000055d5928]
Event: 15.138 Thread 0x000000000d283810 1616       1       java.security.PermissionCollection::isReadOnly (5 bytes)
Event: 15.138 Thread 0x000000000d283810 nmethod 1616 0x00000000055d5310 code [0x00000000055d54a0, 0x00000000055d5578]
Event: 15.139 Thread 0x000000000d283810 1617       1       org.springframework.core.env.PropertySource::hashCode (8 bytes)
Event: 15.140 Thread 0x000000000d283810 nmethod 1617 0x00000000055d5010 code [0x00000000055d51a0, 0x00000000055d5288]
Event: 15.140 Thread 0x000000000d283810 1618       1       org.springframework.boot.context.properties.source.SpringConfigurationPropertySources$$Lambda$92/0x000000000d5968a0::apply (12 bytes)
Event: 15.141 Thread 0x000000000d283810 nmethod 1618 0x00000000055d4c90 code [0x00000000055d4e20, 0x00000000055d4f48]
Event: 15.141 Thread 0x000000000d283810 1619       1       org.springframework.boot.context.properties.source.SpringConfigurationPropertySources::adapt (72 bytes)
Event: 15.143 Thread 0x000000000d283810 nmethod 1619 0x00000000055d4610 code [0x00000000055d4800, 0x00000000055d4b18]
Event: 15.143 Thread 0x000000000d283810 1620       1       org.springframework.boot.context.properties.source.SpringConfigurationPropertySources$SourcesIterator::next (5 bytes)
Event: 15.145 Thread 0x000000000d283810 nmethod 1620 0x00000000055d4190 code [0x00000000055d4340, 0x00000000055d44f8]
Event: 15.145 Thread 0x000000000d283810 1621       1       org.springframework.boot.context.properties.source.SpringConfigurationPropertySources$SourcesIterator::next (24 bytes)
Event: 15.146 Thread 0x000000000d283810 nmethod 1621 0x00000000055d3d10 code [0x00000000055d3ec0, 0x00000000055d4078]

GC Heap History (8 events):
Event: 3.954 GC heap before
{Heap before GC invocations=0 (full 0):
 garbage-first heap   total 59392K, used 5120K [0x00000000c6400000, 0x0000000100000000)
  region size 1024K, 6 young (6144K), 0 survivors (0K)
 Metaspace       used 4187K, committed 4352K, reserved 1056768K
  class space    used 401K, committed 512K, reserved 1048576K
}
Event: 3.999 GC heap after
{Heap after GC invocations=1 (full 0):
 garbage-first heap   total 59392K, used 4133K [0x00000000c6400000, 0x0000000100000000)
  region size 1024K, 1 young (1024K), 1 survivors (1024K)
 Metaspace       used 4187K, committed 4352K, reserved 1056768K
  class space    used 401K, committed 512K, reserved 1048576K
}
Event: 4.209 GC heap before
{Heap before GC invocations=1 (full 0):
 garbage-first heap   total 59392K, used 6181K [0x00000000c6400000, 0x0000000100000000)
  region size 1024K, 4 young (4096K), 1 survivors (1024K)
 Metaspace       used 4199K, committed 4416K, reserved 1056768K
  class space    used 402K, committed 512K, reserved 1048576K
}
Event: 4.228 GC heap after
{Heap after GC invocations=2 (full 0):
 garbage-first heap   total 59392K, used 5462K [0x00000000c6400000, 0x0000000100000000)
  region size 1024K, 1 young (1024K), 1 survivors (1024K)
 Metaspace       used 4199K, committed 4416K, reserved 1056768K
  class space    used 402K, committed 512K, reserved 1048576K
}
Event: 6.938 GC heap before
{Heap before GC invocations=2 (full 0):
 garbage-first heap   total 59392K, used 10582K [0x00000000c6400000, 0x0000000100000000)
  region size 1024K, 7 young (7168K), 1 survivors (1024K)
 Metaspace       used 7071K, committed 7232K, reserved 1056768K
  class space    used 740K, committed 832K, reserved 1048576K
}
Event: 6.959 GC heap after
{Heap after GC invocations=3 (full 0):
 garbage-first heap   total 59392K, used 7168K [0x00000000c6400000, 0x0000000100000000)
  region size 1024K, 1 young (1024K), 1 survivors (1024K)
 Metaspace       used 7071K, committed 7232K, reserved 1056768K
  class space    used 740K, committed 832K, reserved 1048576K
}
Event: 10.207 GC heap before
{Heap before GC invocations=3 (full 0):
 garbage-first heap   total 59392K, used 20480K [0x00000000c6400000, 0x0000000100000000)
  region size 1024K, 14 young (14336K), 1 survivors (1024K)
 Metaspace       used 11325K, committed 11456K, reserved 1064960K
  class space    used 1312K, committed 1344K, reserved 1048576K
}
Event: 10.227 GC heap after
{Heap after GC invocations=4 (full 0):
 garbage-first heap   total 59392K, used 8795K [0x00000000c6400000, 0x0000000100000000)
  region size 1024K, 2 young (2048K), 2 survivors (2048K)
 Metaspace       used 11325K, committed 11456K, reserved 1064960K
  class space    used 1312K, committed 1344K, reserved 1048576K
}

Dll operation events (8 events):
Event: 0.023 Loaded shared library c:\Users\Adrian\.vscode\extensions\redhat.java-1.13.0-win32-x64\jre\17.0.5-win32-x86_64\bin\java.dll
Event: 2.599 Loaded shared library C:\Users\Adrian\.vscode\extensions\redhat.java-1.13.0-win32-x64\jre\17.0.5-win32-x86_64\bin\net.dll
Event: 2.605 Loaded shared library C:\Users\Adrian\.vscode\extensions\redhat.java-1.13.0-win32-x64\jre\17.0.5-win32-x86_64\bin\nio.dll
Event: 2.710 Loaded shared library C:\Users\Adrian\.vscode\extensions\redhat.java-1.13.0-win32-x64\jre\17.0.5-win32-x86_64\bin\zip.dll
Event: 4.747 Loaded shared library c:\Users\Adrian\.vscode\extensions\redhat.java-1.13.0-win32-x64\jre\17.0.5-win32-x86_64\bin\verify.dll
Event: 4.832 Loaded shared library C:\Users\Adrian\.vscode\extensions\redhat.java-1.13.0-win32-x64\jre\17.0.5-win32-x86_64\bin\jimage.dll
Event: 13.056 Loaded shared library C:\Users\Adrian\.vscode\extensions\redhat.java-1.13.0-win32-x64\jre\17.0.5-win32-x86_64\bin\management.dll
Event: 13.077 Loaded shared library C:\Users\Adrian\.vscode\extensions\redhat.java-1.13.0-win32-x64\jre\17.0.5-win32-x86_64\bin\management_ext.dll

Deoptimization events (0 events):
No events

Classes unloaded (0 events):
No events

Classes redefined (0 events):
No events

Internal exceptions (20 events):
Event: 11.639 Thread 0x00000000002ac4d0 Exception <a 'java/lang/NoSuchMethodError'{0x00000000c9408b58}: 'java.lang.Object java.lang.invoke.DirectMethodHandle$Holder.invokeSpecial(java.lang.Object, java.lang.Object, java.lang.Object, java.lang.Object, java.lang.Object, java.lang.Object, int)'> (0x00000000c9408b58) 
thrown [s\src\hotspot\share\interpreter\linkResolver.cpp, line 759]
Event: 11.643 Thread 0x00000000002ac4d0 Exception <a 'java/lang/NoSuchMethodError'{0x00000000c94130b8}: 'java.lang.Object java.lang.invoke.DirectMethodHandle$Holder.newInvokeSpecial(java.lang.Object, java.lang.Object, java.lang.Object, java.lang.Object, java.lang.Object, java.lang.Object, int)'> (0x00000000c94130b8) 
thrown [s\src\hotspot\share\interpreter\linkResolver.cpp, line 759]
Event: 11.645 Thread 0x00000000002ac4d0 Exception <a 'java/lang/NoSuchMethodError'{0x00000000c94180f8}: 'java.lang.Object java.lang.invoke.DirectMethodHandle$Holder.invokeSpecial(java.lang.Object, java.lang.Object, java.lang.Object, java.lang.Object, java.lang.Object, java.lang.Object, java.lang.Object, int)'> (0x00000000c94180f8) 
thrown [s\src\hotspot\share\interpreter\linkResolver.cpp, line 759]
Event: 11.731 Thread 0x00000000002ac4d0 Exception <a 'java/lang/NoSuchMethodError'{0x00000000c94c9e08}: 'java.lang.Object java.lang.invoke.DirectMethodHandle$Holder.invokeVirtual(java.lang.Object, java.lang.Object, java.lang.Object)'> (0x00000000c94c9e08) 
thrown [s\src\hotspot\share\interpreter\linkResolver.cpp, line 759]
Event: 12.715 Thread 0x00000000002ac4d0 Exception <a 'java/lang/NoSuchMethodError'{0x00000000c8c79fe0}: 'int java.lang.invoke.DirectMethodHandle$Holder.invokeVirtual(java.lang.Object, java.lang.Object)'> (0x00000000c8c79fe0) 
thrown [s\src\hotspot\share\interpreter\linkResolver.cpp, line 759]
Event: 12.813 Thread 0x00000000002ac4d0 Exception <a 'java/lang/NoSuchMethodError'{0x00000000c8b21640}: 'java.lang.Object java.lang.invoke.DirectMethodHandle$Holder.invokeSpecial(java.lang.Object, java.lang.Object, java.lang.Object, int, java.lang.Object)'> (0x00000000c8b21640) 
thrown [s\src\hotspot\share\interpreter\linkResolver.cpp, line 759]
Event: 12.817 Thread 0x00000000002ac4d0 Exception <a 'java/lang/NoSuchMethodError'{0x00000000c8b29ca8}: 'java.lang.Object java.lang.invoke.DirectMethodHandle$Holder.newInvokeSpecial(java.lang.Object, java.lang.Object, java.lang.Object, int, java.lang.Object)'> (0x00000000c8b29ca8) 
thrown [s\src\hotspot\share\interpreter\linkResolver.cpp, line 759]
Event: 12.829 Thread 0x00000000002ac4d0 Exception <a 'java/lang/NoSuchMethodError'{0x00000000c8b41b00}: 'java.lang.Object java.lang.invoke.DirectMethodHandle$Holder.newInvokeSpecial(java.lang.Object, int, java.lang.Object)'> (0x00000000c8b41b00) 
thrown [s\src\hotspot\share\interpreter\linkResolver.cpp, line 759]
Event: 12.832 Thread 0x00000000002ac4d0 Exception <a 'java/lang/NoSuchMethodError'{0x00000000c8b467e0}: 'int java.lang.invoke.DirectMethodHandle$Holder.invokeSpecialIFC(java.lang.Object, java.lang.Object, java.lang.Object, java.lang.Object)'> (0x00000000c8b467e0) 
thrown [s\src\hotspot\share\interpreter\linkResolver.cpp, line 759]
Event: 12.942 Thread 0x00000000002ac4d0 Exception <a 'java/lang/NoSuchMethodError'{0x00000000c8bfafc0}: 'java.lang.Object java.lang.invoke.DirectMethodHandle$Holder.invokeInterface(java.lang.Object, java.lang.Object)'> (0x00000000c8bfafc0) 
thrown [s\src\hotspot\share\interpreter\linkResolver.cpp, line 759]
Event: 12.960 Thread 0x00000000002ac4d0 Exception <a 'java/lang/NoSuchMethodError'{0x00000000c8a0b100}: 'void java.lang.invoke.DirectMethodHandle$Holder.invokeInterface(java.lang.Object, java.lang.Object, java.lang.Object)'> (0x00000000c8a0b100) 
thrown [s\src\hotspot\share\interpreter\linkResolver.cpp, line 759]
Event: 13.005 Thread 0x00000000002ac4d0 Exception <a 'java/lang/NoSuchMethodError'{0x00000000c8a4e628}: 'void java.lang.invoke.DirectMethodHandle$Holder.invokeStatic(java.lang.Object, java.lang.Object)'> (0x00000000c8a4e628) 
thrown [s\src\hotspot\share\interpreter\linkResolver.cpp, line 759]
Event: 13.007 Thread 0x00000000002ac4d0 Exception <a 'java/lang/NoSuchMethodError'{0x00000000c8a51e28}: 'void java.lang.invoke.DirectMethodHandle$Holder.invokeStaticInit(java.lang.Object, java.lang.Object)'> (0x00000000c8a51e28) 
thrown [s\src\hotspot\share\interpreter\linkResolver.cpp, line 759]
Event: 13.017 Thread 0x00000000002ac4d0 Exception <a 'java/lang/NoSuchMethodError'{0x00000000c8a60df0}: 'void java.lang.invoke.DirectMethodHandle$Holder.invokeStaticInit(java.lang.Object, java.lang.Object, java.lang.Object)'> (0x00000000c8a60df0) 
thrown [s\src\hotspot\share\interpreter\linkResolver.cpp, line 759]
Event: 13.030 Thread 0x00000000002ac4d0 Exception <a 'java/lang/NoSuchMethodError'{0x00000000c8a72e68}: 'java.lang.Object java.lang.invoke.DirectMethodHandle$Holder.invokeStaticInit(java.lang.Object)'> (0x00000000c8a72e68) 
thrown [s\src\hotspot\share\interpreter\linkResolver.cpp, line 759]
Event: 13.579 Thread 0x00000000002ac4d0 Exception <a 'java/lang/NoSuchMethodError'{0x00000000c8ac02c0}: 'java.lang.Object java.lang.invoke.DirectMethodHandle$Holder.newInvokeSpecial(java.lang.Object, long)'> (0x00000000c8ac02c0) 
thrown [s\src\hotspot\share\interpreter\linkResolver.cpp, line 759]
Event: 13.873 Thread 0x00000000002ac4d0 Exception <a 'java/lang/NoSuchMethodError'{0x00000000c8951cb0}: 'void java.lang.invoke.DirectMethodHandle$Holder.invokeSpecial(java.lang.Object, java.lang.Object, java.lang.Object)'> (0x00000000c8951cb0) 
thrown [s\src\hotspot\share\interpreter\linkResolver.cpp, line 759]
Event: 13.905 Thread 0x00000000002ac4d0 Exception <a 'java/lang/NoSuchMethodError'{0x00000000c8958350}: 'void java.lang.invoke.DirectMethodHandle$Holder.invokeSpecial(java.lang.Object, java.lang.Object, java.lang.Object, java.lang.Object, java.lang.Object)'> (0x00000000c8958350) 
thrown [s\src\hotspot\share\interpreter\linkResolver.cpp, line 759]
Event: 14.027 Thread 0x00000000002ac4d0 Exception <a 'java/lang/NoSuchMethodError'{0x00000000c8983108}: 'void java.lang.invoke.DirectMethodHandle$Holder.invokeStatic(java.lang.Object, java.lang.Object, int)'> (0x00000000c8983108) 
thrown [s\src\hotspot\share\interpreter\linkResolver.cpp, line 759]
Event: 15.123 Thread 0x000000004f94e370 Exception <a 'java/lang/NoClassDefFoundError'{0x00000000c881a468}: javax/validation/Validation> (0x00000000c881a468) 
thrown [s\src\hotspot\share\classfile\systemDictionary.cpp, line 245]

VM Operations (20 events):
Event: 9.480 Executing VM operation: HandshakeAllThreads
Event: 9.480 Executing VM operation: HandshakeAllThreads done
Event: 10.207 Executing VM operation: G1CollectForAllocation
Event: 10.228 Executing VM operation: G1CollectForAllocation done
Event: 10.547 Executing VM operation: HandshakeAllThreads
Event: 10.547 Executing VM operation: HandshakeAllThreads done
Event: 11.547 Executing VM operation: Cleanup
Event: 11.579 Executing VM operation: Cleanup done
Event: 11.874 Executing VM operation: HandshakeAllThreads
Event: 11.874 Executing VM operation: HandshakeAllThreads done
Event: 11.898 Executing VM operation: HandshakeAllThreads
Event: 11.899 Executing VM operation: HandshakeAllThreads done
Event: 12.680 Executing VM operation: HandshakeAllThreads
Event: 12.680 Executing VM operation: HandshakeAllThreads done
Event: 12.680 Executing VM operation: Cleanup
Event: 12.681 Executing VM operation: Cleanup done
Event: 13.681 Executing VM operation: Cleanup
Event: 13.724 Executing VM operation: Cleanup done
Event: 14.724 Executing VM operation: Cleanup
Event: 15.167 Executing VM operation: Cleanup done

Events (20 events):
Event: 14.033 loading class java/util/stream/ForEachOps$ForEachOp done
Event: 14.034 loading class java/util/stream/ForEachOps$ForEachOp$OfInt done
Event: 14.034 loading class java/util/stream/IntPipeline$4$1
Event: 14.034 loading class java/util/stream/IntPipeline$4$1 done
Event: 14.035 loading class java/util/RegularEnumSet$EnumSetIterator
Event: 14.036 loading class java/util/RegularEnumSet$EnumSetIterator done
Event: 15.108 Thread 0x000000004f94e370 Thread added: 0x000000004f94e370
Event: 15.111 Thread 0x000000004f74fd40 Thread exited: 0x000000004f74fd40
Event: 15.118 Thread 0x000000004f94f840 Thread added: 0x000000004f94f840
Event: 15.153 loading class java/lang/invoke/MethodHandleImpl$BindCaller
Event: 15.154 loading class java/lang/invoke/MethodHandleImpl$BindCaller done
Event: 15.154 loading class java/lang/invoke/MethodHandleImpl$BindCaller$1
Event: 15.154 loading class java/lang/invoke/MethodHandleImpl$BindCaller$1 done
Event: 15.162 loading class java/lang/invoke/MethodHandleImpl$CasesHolder
Event: 15.162 loading class java/lang/invoke/MethodHandleImpl$CasesHolder done
Event: 15.162 loading class java/lang/invoke/MethodHandleImpl$LoopClauses
Event: 15.162 loading class java/lang/invoke/MethodHandleImpl$LoopClauses done
Event: 15.162 loading class java/lang/invoke/MethodHandleImpl$ArrayAccess
Event: 15.163 loading class java/lang/invoke/MethodHandleImpl$ArrayAccess done
Event: 15.164 loading class java/lang/invoke/MethodHandleImpl$2


Dynamic libraries:
0x000000013f600000 - 0x000000013f60e000 	c:\Users\Adrian\.vscode\extensions\redhat.java-1.13.0-win32-x64\jre\17.0.5-win32-x86_64\bin\java.exe
0x0000000076e70000 - 0x0000000077019000 	C:\Windows\SYSTEM32\ntdll.dll
0x0000000076c50000 - 0x0000000076d6f000 	C:\Windows\system32\kernel32.dll
0x000007fefd0a0000 - 0x000007fefd10c000 	C:\Windows\system32\KERNELBASE.dll
0x000007feeeae0000 - 0x000007feeeaf7000 	c:\Users\Adrian\.vscode\extensions\redhat.java-1.13.0-win32-x64\jre\17.0.5-win32-x86_64\bin\jli.dll
0x000007fefb9e0000 - 0x000007fefbbd4000 	C:\Windows\WinSxS\amd64_microsoft.windows.common-controls_6595b64144ccf1df_6.0.7601.17514_none_fa396087175ac9ac\COMCTL32.dll
0x000007fefd6e0000 - 0x000007fefd77f000 	C:\Windows\system32\msvcrt.dll
0x000007fefd610000 - 0x000007fefd677000 	C:\Windows\system32\GDI32.dll
0x0000000076d70000 - 0x0000000076e6a000 	C:\Windows\system32\USER32.dll
0x000007fefda50000 - 0x000007fefda5e000 	C:\Windows\system32\LPK.dll
0x000007fefed10000 - 0x000007fefedd9000 	C:\Windows\system32\USP10.dll
0x000007fefd9d0000 - 0x000007fefda41000 	C:\Windows\system32\SHLWAPI.dll
0x000007fefafe0000 - 0x000007fefaff9000 	c:\Users\Adrian\.vscode\extensions\redhat.java-1.13.0-win32-x64\jre\17.0.5-win32-x86_64\bin\VCRUNTIME140.dll
0x000007feeead0000 - 0x000007feeead4000 	c:\Users\Adrian\.vscode\extensions\redhat.java-1.13.0-win32-x64\jre\17.0.5-win32-x86_64\bin\api-ms-win-crt-runtime-l1-1-0.dll
0x000007feee510000 - 0x000007feee60a000 	c:\Users\Adrian\.vscode\extensions\redhat.java-1.13.0-win32-x64\jre\17.0.5-win32-x86_64\bin\ucrtbase.DLL
0x000007feeff50000 - 0x000007feeff53000 	c:\Users\Adrian\.vscode\extensions\redhat.java-1.13.0-win32-x64\jre\17.0.5-win32-x86_64\bin\api-ms-win-core-localization-l1-2-0.dll
0x000007feeeab0000 - 0x000007feeeab3000 	c:\Users\Adrian\.vscode\extensions\redhat.java-1.13.0-win32-x64\jre\17.0.5-win32-x86_64\bin\api-ms-win-core-processthreads-l1-1-1.dll
0x000007feeeac0000 - 0x000007feeeac3000 	c:\Users\Adrian\.vscode\extensions\redhat.java-1.13.0-win32-x64\jre\17.0.5-win32-x86_64\bin\api-ms-win-core-file-l1-2-0.dll
0x000007feeea90000 - 0x000007feeea93000 	c:\Users\Adrian\.vscode\extensions\redhat.java-1.13.0-win32-x64\jre\17.0.5-win32-x86_64\bin\api-ms-win-core-timezone-l1-1-0.dll
0x000007feeeaa0000 - 0x000007feeeaa3000 	c:\Users\Adrian\.vscode\extensions\redhat.java-1.13.0-win32-x64\jre\17.0.5-win32-x86_64\bin\api-ms-win-core-file-l2-1-0.dll
0x000007feeea70000 - 0x000007feeea73000 	c:\Users\Adrian\.vscode\extensions\redhat.java-1.13.0-win32-x64\jre\17.0.5-win32-x86_64\bin\api-ms-win-core-synch-l1-2-0.dll
0x000007feeea80000 - 0x000007feeea83000 	c:\Users\Adrian\.vscode\extensions\redhat.java-1.13.0-win32-x64\jre\17.0.5-win32-x86_64\bin\api-ms-win-crt-heap-l1-1-0.dll
0x000007feee780000 - 0x000007feee784000 	c:\Users\Adrian\.vscode\extensions\redhat.java-1.13.0-win32-x64\jre\17.0.5-win32-x86_64\bin\api-ms-win-crt-string-l1-1-0.dll
0x000007feeea60000 - 0x000007feeea64000 	c:\Users\Adrian\.vscode\extensions\redhat.java-1.13.0-win32-x64\jre\17.0.5-win32-x86_64\bin\api-ms-win-crt-stdio-l1-1-0.dll
0x000007feee760000 - 0x000007feee764000 	c:\Users\Adrian\.vscode\extensions\redhat.java-1.13.0-win32-x64\jre\17.0.5-win32-x86_64\bin\api-ms-win-crt-convert-l1-1-0.dll
0x000007feee770000 - 0x000007feee773000 	c:\Users\Adrian\.vscode\extensions\redhat.java-1.13.0-win32-x64\jre\17.0.5-win32-x86_64\bin\api-ms-win-crt-environment-l1-1-0.dll
0x000007feee700000 - 0x000007feee703000 	c:\Users\Adrian\.vscode\extensions\redhat.java-1.13.0-win32-x64\jre\17.0.5-win32-x86_64\bin\api-ms-win-crt-filesystem-l1-1-0.dll
0x000007feee750000 - 0x000007feee755000 	c:\Users\Adrian\.vscode\extensions\redhat.java-1.13.0-win32-x64\jre\17.0.5-win32-x86_64\bin\api-ms-win-crt-math-l1-1-0.dll
0x000007feee6f0000 - 0x000007feee6f3000 	c:\Users\Adrian\.vscode\extensions\redhat.java-1.13.0-win32-x64\jre\17.0.5-win32-x86_64\bin\api-ms-win-crt-locale-l1-1-0.dll
0x000007fefd780000 - 0x000007fefd7ae000 	C:\Windows\system32\IMM32.DLL
0x000007fefda60000 - 0x000007fefdb69000 	C:\Windows\system32\MSCTF.dll
0x000007feee6e0000 - 0x000007feee6ec000 	c:\Users\Adrian\.vscode\extensions\redhat.java-1.13.0-win32-x64\jre\17.0.5-win32-x86_64\bin\vcruntime140_1.dll
0x000007feee640000 - 0x000007feee6d1000 	c:\Users\Adrian\.vscode\extensions\redhat.java-1.13.0-win32-x64\jre\17.0.5-win32-x86_64\bin\msvcp140.dll
0x000007feee630000 - 0x000007feee633000 	c:\Users\Adrian\.vscode\extensions\redhat.java-1.13.0-win32-x64\jre\17.0.5-win32-x86_64\bin\api-ms-win-crt-time-l1-1-0.dll
0x000007feee620000 - 0x000007feee623000 	c:\Users\Adrian\.vscode\extensions\redhat.java-1.13.0-win32-x64\jre\17.0.5-win32-x86_64\bin\api-ms-win-crt-utility-l1-1-0.dll
0x000007fedf130000 - 0x000007fedfd74000 	c:\Users\Adrian\.vscode\extensions\redhat.java-1.13.0-win32-x64\jre\17.0.5-win32-x86_64\bin\server\jvm.dll
0x000007fefdea0000 - 0x000007fefdf7b000 	C:\Windows\system32\ADVAPI32.dll
0x000007fefd7d0000 - 0x000007fefd7ef000 	C:\Windows\SYSTEM32\sechost.dll
0x000007fefd2c0000 - 0x000007fefd3ed000 	C:\Windows\system32\RPCRT4.dll
0x000007fef0f70000 - 0x000007fef0f79000 	C:\Windows\system32\WSOCK32.dll
0x000007fefdb70000 - 0x000007fefdbbd000 	C:\Windows\system32\WS2_32.dll
0x000007fefd600000 - 0x000007fefd608000 	C:\Windows\system32\NSI.dll
0x000007fef92e0000 - 0x000007fef931b000 	C:\Windows\system32\WINMM.dll
0x000007fefbed0000 - 0x000007fefbedc000 	C:\Windows\system32\VERSION.dll
0x000007feee610000 - 0x000007feee61a000 	c:\Users\Adrian\.vscode\extensions\redhat.java-1.13.0-win32-x64\jre\17.0.5-win32-x86_64\bin\jimage.dll
0x000007fef7830000 - 0x000007fef7955000 	C:\Windows\system32\DBGHELP.DLL
0x000007feee390000 - 0x000007feee3b5000 	c:\Users\Adrian\.vscode\extensions\redhat.java-1.13.0-win32-x64\jre\17.0.5-win32-x86_64\bin\java.dll
0x000007fee6f50000 - 0x000007fee6f68000 	c:\Users\Adrian\.vscode\extensions\redhat.java-1.13.0-win32-x64\jre\17.0.5-win32-x86_64\bin\zip.dll
0x000007fefdf80000 - 0x000007fefed08000 	C:\Windows\system32\SHELL32.dll
0x000007fefd3f0000 - 0x000007fefd5f3000 	C:\Windows\system32\ole32.dll
0x000007fefcdc0000 - 0x000007fefcdcf000 	C:\Windows\system32\profapi.dll
0x000007feee3d0000 - 0x000007feee3e9000 	C:\Users\Adrian\.vscode\extensions\redhat.java-1.13.0-win32-x64\jre\17.0.5-win32-x86_64\bin\net.dll
0x000007fef8af0000 - 0x000007fef8b61000 	C:\Windows\system32\WINHTTP.dll
0x000007fef8a80000 - 0x000007fef8ae4000 	C:\Windows\system32\webio.dll
0x000007fefc630000 - 0x000007fefc685000 	C:\Windows\system32\mswsock.dll
0x000007fefc620000 - 0x000007fefc627000 	C:\Windows\System32\wship6.dll
0x000007feee370000 - 0x000007feee385000 	C:\Users\Adrian\.vscode\extensions\redhat.java-1.13.0-win32-x64\jre\17.0.5-win32-x86_64\bin\nio.dll
0x000007feee360000 - 0x000007feee370000 	c:\Users\Adrian\.vscode\extensions\redhat.java-1.13.0-win32-x64\jre\17.0.5-win32-x86_64\bin\verify.dll
0x000007fef7150000 - 0x000007fef7159000 	C:\Users\Adrian\.vscode\extensions\redhat.java-1.13.0-win32-x64\jre\17.0.5-win32-x86_64\bin\management.dll
0x000007fef8580000 - 0x000007fef858b000 	C:\Users\Adrian\.vscode\extensions\redhat.java-1.13.0-win32-x64\jre\17.0.5-win32-x86_64\bin\management_ext.dll
0x0000000077040000 - 0x0000000077047000 	C:\Windows\system32\PSAPI.DLL
0x000007fefaaa0000 - 0x000007fefaab5000 	C:\Windows\system32\NLAapi.dll
0x000007fef9b30000 - 0x000007fef9b45000 	C:\Windows\system32\napinsp.dll
0x000007fef9b10000 - 0x000007fef9b29000 	C:\Windows\system32\pnrpnsp.dll
0x000007fefc4b0000 - 0x000007fefc50b000 	C:\Windows\system32\DNSAPI.dll
0x000007fef9b00000 - 0x000007fef9b0b000 	C:\Windows\System32\winrnr.dll
0x000007fefbff0000 - 0x000007fefbff7000 	C:\Windows\System32\wshtcpip.dll
0x000007fefa7b0000 - 0x000007fefa7d7000 	C:\Windows\system32\IPHLPAPI.DLL
0x000007fefa7a0000 - 0x000007fefa7ab000 	C:\Windows\system32\WINNSI.DLL
0x000007fef9a70000 - 0x000007fef9a78000 	C:\Windows\system32\rasadhlp.dll
0x000007fefa630000 - 0x000007fefa683000 	C:\Windows\System32\fwpuclnt.dll

dbghelp: loaded successfully - version: 4.0.5 - missing functions: none
symbol engine: initialized successfully - sym options: 0x614 - pdb path: .;c:\Users\Adrian\.vscode\extensions\redhat.java-1.13.0-win32-x64\jre\17.0.5-win32-x86_64\bin;C:\Windows\SYSTEM32;C:\Windows\WinSxS\amd64_microsoft.windows.common-controls_6595b64144ccf1df_6.0.7601.17514_none_fa396087175ac9ac;c:\Users\Adrian\.vscode\extensions\redhat.java-1.13.0-win32-x64\jre\17.0.5-win32-x86_64\bin\server

VM Arguments:
jvm_args: -Dsts.lsp.client=vscode -Dsts.log.file=/dev/null -XX:TieredStopAtLevel=1 -Xlog:jni+resolve=off -Dspring.config.location=file:c:\Users\Adrian\.vscode\extensions\pivotal.vscode-spring-boot-1.41.0\language-server\BOOT-INF\classes\application.properties 
java_command: org.springframework.ide.vscode.boot.app.BootLanguageServerBootApp
java_class_path (initial): c:\Users\Adrian\.vscode\extensions\pivotal.vscode-spring-boot-1.41.0\language-server\BOOT-INF\classes;c:\Users\Adrian\.vscode\extensions\pivotal.vscode-spring-boot-1.41.0\language-server\BOOT-INF\lib\annotations-23.0.0.jar;c:\Users\Adrian\.vscode\extensions\pivotal.vscode-spring-boot-1.41.0\language-server\BOOT-INF\lib\ant-1.10.12.jar;c:\Users\Adrian\.vscode\extensions\pivotal.vscode-spring-boot-1.41.0\language-server\BOOT-INF\lib\ant-launcher-1.10.12.jar;c:\Users\Adrian\.vscode\extensions\pivotal.vscode-spring-boot-1.41.0\language-server\BOOT-INF\lib\antlr-runtime-3.5.2.jar;c:\Users\Adrian\.vscode\extensions\pivotal.vscode-spring-boot-1.41.0\language-server\BOOT-INF\lib\antlr4-4.9.3.jar;c:\Users\Adrian\.vscode\extensions\pivotal.vscode-spring-boot-1.41.0\language-server\BOOT-INF\lib\antlr4-runtime-4.9.3.jar;c:\Users\Adrian\.vscode\extensions\pivotal.vscode-spring-boot-1.41.0\language-server\BOOT-INF\lib\apiguardian-api-1.1.2.jar;c:\Users\Adrian\.vscode\extensions\pivotal.vscode-spring-boot-1.41.0\language-server\BOOT-INF\lib\asm-9.4.jar;c:\Users\Adrian\.vscode\extensions\pivotal.vscode-spring-boot-1.41.0\language-server\BOOT-INF\lib\asm-analysis-9.4.jar;c:\Users\Adrian\.vscode\extensions\pivotal.vscode-spring-boot-1.41.0\language-server\BOOT-INF\lib\asm-tree-9.4.jar;c:\Users\Adrian\.vscode\extensions\pivotal.vscode-spring-boot-1.41.0\language-server\BOOT-INF\lib\asm-util-9.4.jar;c:\Users\Adrian\.vscode\extensions\pivotal.vscode-spring-boot-1.41.0\language-server\BOOT-INF\lib\byte-buddy-1.12.13.jar;c:\Users\Adrian\.vscode\extensions\pivotal.vscode-spring-boot-1.41.0\language-server\BOOT-INF\lib\caffeine-2.9.3.jar;c:\Users\Adrian\.vscode\extensions\pivotal.vscode-spring-boot-1.41.0\language-server\BOOT-INF\lib\checker-qual-3.12.0.jar;c:\Users\Adrian\.vscode\extensions\pivotal.vscode-spring-boot-1.41.0\language-server\BOOT-INF\lib\ci-environment-9.1.0.jar;c:\Users\Adrian\.vscode\extensions\pivotal.vscode-spring-boot-1.41.0\language-server\
Launcher Type: SUN_STANDARD

[Global flags]
     intx CICompilerCount                          = 2                                         {product} {ergonomic}
     uint ConcGCThreads                            = 1                                         {product} {ergonomic}
     uint G1ConcRefinementThreads                  = 2                                         {product} {ergonomic}
   size_t G1HeapRegionSize                         = 1048576                                   {product} {ergonomic}
    uintx GCDrainStackTargetSize                   = 64                                        {product} {ergonomic}
   size_t InitialHeapSize                          = 60817408                                  {product} {ergonomic}
   size_t MarkStackSize                            = 4194304                                   {product} {ergonomic}
   size_t MaxHeapSize                              = 968884224                                 {product} {ergonomic}
   size_t MaxNewSize                               = 580911104                                 {product} {ergonomic}
   size_t MinHeapDeltaBytes                        = 1048576                                   {product} {ergonomic}
   size_t MinHeapSize                              = 8388608                                   {product} {ergonomic}
    uintx NonProfiledCodeHeapSize                  = 0                                      {pd product} {ergonomic}
     bool ProfileInterpreter                       = false                                  {pd product} {command line}
    uintx ProfiledCodeHeapSize                     = 0                                      {pd product} {ergonomic}
   size_t SoftMaxHeapSize                          = 968884224                              {manageable} {ergonomic}
     intx TieredStopAtLevel                        = 1                                         {product} {command line}
     bool UseCompressedClassPointers               = true                           {product lp64_product} {ergonomic}
     bool UseCompressedOops                        = true                           {product lp64_product} {ergonomic}
     bool UseG1GC                                  = true                                      {product} {ergonomic}
     bool UseLargePagesIndividualAllocation        = false                                  {pd product} {ergonomic}

Logging:
Log output configuration:
 #0: stdout all=warning,jni+resolve=off uptime,level,tags
 #1: stderr all=off uptime,level,tags

Environment Variables:
PATH=C:\Program Files\Common Files\Oracle\Java\javapath;C:\Program Files\Microsoft\jdk-17.0.4.101-hotspot\bin;C:\Program Files (x86)\AMD APP\bin\x86_64;C:\Program Files (x86)\AMD APP\bin\x86;C:\Windows\system32;C:\Windows;C:\Windows\System32\Wbem;C:\Windows\System32\WindowsPowerShell\v1.0\;C:\Program Files (x86)\ATI Technologies\ATI.ACE\Core-Static;C:\Program Files\Microsoft VS Code\bin;C:\Program Files\Git\cmd;C:\Program Files\nodejs\;C:\Users\Adrian\AppData\Local\GitHubDesktop\bin;C:\Users\Adrian\AppData\Roaming\npm;C:\Program Files\nodejs\
USERNAME=Adrian
OS=Windows_NT
PROCESSOR_IDENTIFIER=AMD64 Family 20 Model 2 Stepping 0, AuthenticAMD
TMP=C:\Users\Adrian\AppData\Local\Temp
TEMP=C:\Users\Adrian\AppData\Local\Temp



---------------  S Y S T E M  ---------------

OS:
 Windows 7 , 64 bit Build 7601 (6.1.7601.17965)
OS uptime: 0 days 8:49 hours

CPU: total 2 (initial active 2) (2 cores per cpu, 1 threads per core) family 20 model 2 stepping 0 microcode 0x0, cx8, cmov, fxsr, mmx, 3dnowpref, sse, sse2, sse3, ssse3, sse4a, popcnt, lzcnt, tsc, tscinvbit, clflush

Memory: 4k page, system-wide physical 3692M (371M free)
TotalPageFile size 11020M (AvailPageFile size 5M)
current process WorkingSet (physical memory assigned to process): 82M, peak: 82M
current process commit charge ("private bytes"): 144M, peak: 144M

vm_info: OpenJDK 64-Bit Server VM (17.0.5+8) for windows-amd64 JRE (17.0.5+8), built on Oct 19 2022 04:48:13 by "temurin" with MS VC++ 16.7 (VS2019)

END.
